2025-07-05 17:40:51 update gitignore
2025-11-25 05:39:45 update build script
2025-03-18 00:22:10 restructure project
2025-07-23 13:08:05 cleanup code
2025-09-10 12:02:04 fix typo in code
2025-01-08 06:30:57 update API keys
2025-01-19 23:54:28 update constants
2025-03-29 03:54:12 fix edge case
2025-05-18 09:31:14 update gitignore
2025-09-25 10:27:56 stabilize build
2025-02-11 20:40:17 fix crash issue
2025-08-21 03:14:05 fix type error
2025-09-10 06:31:03 remove legacy code
2025-06-09 10:02:29 enhance logging
2025-05-02 15:09:56 minor refactor
2025-11-15 05:36:42 add fallback
2025-04-26 00:23:33 add comments
2025-09-22 12:19:37 rollback changes
2025-07-23 03:49:39 reformat code
2025-12-23 18:58:13 improve UX
2025-01-29 08:18:40 restructure project
2025-12-08 21:25:52 update schema migration
